{"asctime": "2023-12-20T13:41:04", "msecs": 310.0, "levelname": "INFO", "correlation_id": "-", "name": "uvicorn.error", "lineno": 60, "message": "Application startup complete."}
{"asctime": "2023-12-20T13:41:13", "msecs": 134.0, "levelname": "INFO", "correlation_id": "-", "name": "uvicorn.error", "lineno": 264, "message": "Shutting down"}
{"asctime": "2023-12-20T13:41:13", "msecs": 237.0, "levelname": "INFO", "correlation_id": "-", "name": "uvicorn.error", "lineno": 65, "message": "Waiting for application shutdown."}
{"asctime": "2023-12-20T13:41:13", "msecs": 263.0, "levelname": "INFO", "correlation_id": "-", "name": "uvicorn.error", "lineno": 76, "message": "Application shutdown complete."}
{"asctime": "2023-12-20T13:41:13", "msecs": 264.0, "levelname": "INFO", "correlation_id": "-", "name": "uvicorn.error", "lineno": 86, "message": "Finished server process [30147]", "color_message": "Finished server process [\u001b[36m%d\u001b[0m]"}
{"asctime": "2023-12-20T13:41:14", "msecs": 10.0, "levelname": "INFO", "correlation_id": "-", "name": "uvicorn.error", "lineno": 60, "message": "Application startup complete."}
{"asctime": "2023-12-20T13:41:18", "msecs": 879.0, "levelname": "INFO", "correlation_id": "618af9ba", "name": "uvicorn.access", "lineno": 496, "message": "127.0.0.1:58563 - \"GET /docs HTTP/1.1\" 200"}
{"asctime": "2023-12-20T13:41:19", "msecs": 33.0, "levelname": "INFO", "correlation_id": "fb76f71b", "name": "uvicorn.access", "lineno": 496, "message": "127.0.0.1:58563 - \"GET /openapi.json HTTP/1.1\" 200"}
{"asctime": "2023-12-20T13:41:27", "msecs": 674.0, "levelname": "INFO", "correlation_id": "-", "name": "uvicorn.error", "lineno": 264, "message": "Shutting down"}
{"asctime": "2023-12-20T13:41:27", "msecs": 778.0, "levelname": "INFO", "correlation_id": "-", "name": "uvicorn.error", "lineno": 65, "message": "Waiting for application shutdown."}
{"asctime": "2023-12-20T13:41:27", "msecs": 807.0, "levelname": "INFO", "correlation_id": "-", "name": "uvicorn.error", "lineno": 76, "message": "Application shutdown complete."}
{"asctime": "2023-12-20T13:41:27", "msecs": 808.0, "levelname": "INFO", "correlation_id": "-", "name": "uvicorn.error", "lineno": 86, "message": "Finished server process [30197]", "color_message": "Finished server process [\u001b[36m%d\u001b[0m]"}
{"asctime": "2023-12-20T13:41:29", "msecs": 144.0, "levelname": "INFO", "correlation_id": "-", "name": "uvicorn.error", "lineno": 60, "message": "Application startup complete."}
{"asctime": "2023-12-20T13:41:29", "msecs": 552.0, "levelname": "INFO", "correlation_id": "-", "name": "uvicorn.error", "lineno": 264, "message": "Shutting down"}
{"asctime": "2023-12-20T13:41:29", "msecs": 657.0, "levelname": "INFO", "correlation_id": "-", "name": "uvicorn.error", "lineno": 65, "message": "Waiting for application shutdown."}
{"asctime": "2023-12-20T13:41:29", "msecs": 674.0, "levelname": "INFO", "correlation_id": "-", "name": "uvicorn.error", "lineno": 76, "message": "Application shutdown complete."}
{"asctime": "2023-12-20T13:41:29", "msecs": 675.0, "levelname": "INFO", "correlation_id": "-", "name": "uvicorn.error", "lineno": 86, "message": "Finished server process [30244]", "color_message": "Finished server process [\u001b[36m%d\u001b[0m]"}
{"asctime": "2023-12-20T13:41:30", "msecs": 201.0, "levelname": "INFO", "correlation_id": "-", "name": "uvicorn.error", "lineno": 60, "message": "Application startup complete."}
{"asctime": "2023-12-20T13:41:45", "msecs": 773.0, "levelname": "INFO", "correlation_id": "-", "name": "uvicorn.error", "lineno": 264, "message": "Shutting down"}
{"asctime": "2023-12-20T13:41:45", "msecs": 878.0, "levelname": "INFO", "correlation_id": "-", "name": "uvicorn.error", "lineno": 65, "message": "Waiting for application shutdown."}
{"asctime": "2023-12-20T13:41:45", "msecs": 915.0, "levelname": "INFO", "correlation_id": "-", "name": "uvicorn.error", "lineno": 76, "message": "Application shutdown complete."}
{"asctime": "2023-12-20T13:41:45", "msecs": 916.0, "levelname": "INFO", "correlation_id": "-", "name": "uvicorn.error", "lineno": 86, "message": "Finished server process [30262]", "color_message": "Finished server process [\u001b[36m%d\u001b[0m]"}
{"asctime": "2023-12-20T13:42:22", "msecs": 579.0, "levelname": "INFO", "correlation_id": "-", "name": "uvicorn.error", "lineno": 60, "message": "Application startup complete."}
{"asctime": "2023-12-20T13:42:26", "msecs": 727.0, "levelname": "INFO", "correlation_id": "-", "name": "uvicorn.error", "lineno": 264, "message": "Shutting down"}
{"asctime": "2023-12-20T13:42:26", "msecs": 830.0, "levelname": "INFO", "correlation_id": "-", "name": "uvicorn.error", "lineno": 65, "message": "Waiting for application shutdown."}
{"asctime": "2023-12-20T13:42:26", "msecs": 860.0, "levelname": "INFO", "correlation_id": "-", "name": "uvicorn.error", "lineno": 76, "message": "Application shutdown complete."}
{"asctime": "2023-12-20T13:42:26", "msecs": 861.0, "levelname": "INFO", "correlation_id": "-", "name": "uvicorn.error", "lineno": 86, "message": "Finished server process [30431]", "color_message": "Finished server process [\u001b[36m%d\u001b[0m]"}
{"asctime": "2023-12-20T13:42:27", "msecs": 414.0, "levelname": "INFO", "correlation_id": "-", "name": "uvicorn.error", "lineno": 60, "message": "Application startup complete."}
{"asctime": "2023-12-20T13:42:28", "msecs": 730.0, "levelname": "INFO", "correlation_id": "-", "name": "uvicorn.error", "lineno": 264, "message": "Shutting down"}
{"asctime": "2023-12-20T13:42:28", "msecs": 832.0, "levelname": "INFO", "correlation_id": "-", "name": "uvicorn.error", "lineno": 65, "message": "Waiting for application shutdown."}
{"asctime": "2023-12-20T13:42:28", "msecs": 842.0, "levelname": "INFO", "correlation_id": "-", "name": "uvicorn.error", "lineno": 76, "message": "Application shutdown complete."}
{"asctime": "2023-12-20T13:42:28", "msecs": 842.0, "levelname": "INFO", "correlation_id": "-", "name": "uvicorn.error", "lineno": 86, "message": "Finished server process [30465]", "color_message": "Finished server process [\u001b[36m%d\u001b[0m]"}
{"asctime": "2023-12-20T13:42:29", "msecs": 387.0, "levelname": "INFO", "correlation_id": "-", "name": "uvicorn.error", "lineno": 60, "message": "Application startup complete."}
{"asctime": "2023-12-20T13:42:29", "msecs": 692.0, "levelname": "INFO", "correlation_id": "-", "name": "uvicorn.error", "lineno": 264, "message": "Shutting down"}
{"asctime": "2023-12-20T13:42:29", "msecs": 796.0, "levelname": "INFO", "correlation_id": "-", "name": "uvicorn.error", "lineno": 65, "message": "Waiting for application shutdown."}
{"asctime": "2023-12-20T13:42:29", "msecs": 822.0, "levelname": "INFO", "correlation_id": "-", "name": "uvicorn.error", "lineno": 76, "message": "Application shutdown complete."}
{"asctime": "2023-12-20T13:42:29", "msecs": 823.0, "levelname": "INFO", "correlation_id": "-", "name": "uvicorn.error", "lineno": 86, "message": "Finished server process [30485]", "color_message": "Finished server process [\u001b[36m%d\u001b[0m]"}
{"asctime": "2023-12-20T13:42:30", "msecs": 351.0, "levelname": "INFO", "correlation_id": "-", "name": "uvicorn.error", "lineno": 60, "message": "Application startup complete."}
{"asctime": "2023-12-20T13:42:32", "msecs": 483.0, "levelname": "INFO", "correlation_id": "4ffe0b3f", "name": "uvicorn.access", "lineno": 496, "message": "127.0.0.1:58861 - \"GET /docs HTTP/1.1\" 200"}
{"asctime": "2023-12-20T13:42:32", "msecs": 599.0, "levelname": "INFO", "correlation_id": "1727f7d7", "name": "uvicorn.access", "lineno": 496, "message": "127.0.0.1:58861 - \"GET /openapi.json HTTP/1.1\" 200"}
{"asctime": "2023-12-20T13:42:35", "msecs": 617.0, "levelname": "INFO", "correlation_id": "c672b08a", "name": "uvicorn.access", "lineno": 496, "message": "127.0.0.1:58861 - \"GET /student HTTP/1.1\" 500"}
{"asctime": "2023-12-20T13:42:35", "msecs": 620.0, "levelname": "ERROR", "correlation_id": "c672b08a", "name": "uvicorn.error", "lineno": 431, "message": "Exception in ASGI application\n", "exc_info": "Traceback (most recent call last):\n  File \"/Users/Shared/1_work/big-data-end/venv/lib/python3.10/site-packages/uvicorn/protocols/http/httptools_impl.py\", line 426, in run_asgi\n    result = await app(  # type: ignore[func-returns-value]\n  File \"/Users/Shared/1_work/big-data-end/venv/lib/python3.10/site-packages/uvicorn/middleware/proxy_headers.py\", line 84, in __call__\n    return await self.app(scope, receive, send)\n  File \"/Users/Shared/1_work/big-data-end/venv/lib/python3.10/site-packages/fastapi/applications.py\", line 1106, in __call__\n    await super().__call__(scope, receive, send)\n  File \"/Users/Shared/1_work/big-data-end/venv/lib/python3.10/site-packages/starlette/applications.py\", line 122, in __call__\n    await self.middleware_stack(scope, receive, send)\n  File \"/Users/Shared/1_work/big-data-end/venv/lib/python3.10/site-packages/starlette/middleware/errors.py\", line 184, in __call__\n    raise exc\n  File \"/Users/Shared/1_work/big-data-end/venv/lib/python3.10/site-packages/starlette/middleware/errors.py\", line 162, in __call__\n    await self.app(scope, receive, _send)\n  File \"/Users/Shared/1_work/big-data-end/venv/lib/python3.10/site-packages/asgi_correlation_id/middleware.py\", line 90, in __call__\n    await self.app(scope, receive, handle_outgoing_request)\n  File \"/Users/Shared/1_work/big-data-end/venv/lib/python3.10/site-packages/starlette/middleware/exceptions.py\", line 79, in __call__\n    raise exc\n  File \"/Users/Shared/1_work/big-data-end/venv/lib/python3.10/site-packages/starlette/middleware/exceptions.py\", line 68, in __call__\n    await self.app(scope, receive, sender)\n  File \"/Users/Shared/1_work/big-data-end/venv/lib/python3.10/site-packages/fastapi/middleware/asyncexitstack.py\", line 20, in __call__\n    raise e\n  File \"/Users/Shared/1_work/big-data-end/venv/lib/python3.10/site-packages/fastapi/middleware/asyncexitstack.py\", line 17, in __call__\n    await self.app(scope, receive, send)\n  File \"/Users/Shared/1_work/big-data-end/venv/lib/python3.10/site-packages/starlette/routing.py\", line 718, in __call__\n    await route.handle(scope, receive, send)\n  File \"/Users/Shared/1_work/big-data-end/venv/lib/python3.10/site-packages/starlette/routing.py\", line 276, in handle\n    await self.app(scope, receive, send)\n  File \"/Users/Shared/1_work/big-data-end/venv/lib/python3.10/site-packages/starlette/routing.py\", line 66, in app\n    response = await func(request)\n  File \"/Users/Shared/1_work/big-data-end/venv/lib/python3.10/site-packages/fastapi/routing.py\", line 292, in app\n    content = await serialize_response(\n  File \"/Users/Shared/1_work/big-data-end/venv/lib/python3.10/site-packages/fastapi/routing.py\", line 155, in serialize_response\n    raise ResponseValidationError(\nfastapi.exceptions.ResponseValidationError: 1 validation errors:\n  {'type': 'list_type', 'loc': ('response',), 'msg': 'Input should be a valid list', 'input': 11, 'url': 'https://errors.pydantic.dev/2.5/v/list_type'}\n"}
{"asctime": "2023-12-20T13:42:37", "msecs": 604.0, "levelname": "INFO", "correlation_id": "df3f52d0", "name": "uvicorn.access", "lineno": 496, "message": "127.0.0.1:58877 - \"GET /student HTTP/1.1\" 500"}
{"asctime": "2023-12-20T13:42:37", "msecs": 608.0, "levelname": "ERROR", "correlation_id": "df3f52d0", "name": "uvicorn.error", "lineno": 431, "message": "Exception in ASGI application\n", "exc_info": "Traceback (most recent call last):\n  File \"/Users/Shared/1_work/big-data-end/venv/lib/python3.10/site-packages/uvicorn/protocols/http/httptools_impl.py\", line 426, in run_asgi\n    result = await app(  # type: ignore[func-returns-value]\n  File \"/Users/Shared/1_work/big-data-end/venv/lib/python3.10/site-packages/uvicorn/middleware/proxy_headers.py\", line 84, in __call__\n    return await self.app(scope, receive, send)\n  File \"/Users/Shared/1_work/big-data-end/venv/lib/python3.10/site-packages/fastapi/applications.py\", line 1106, in __call__\n    await super().__call__(scope, receive, send)\n  File \"/Users/Shared/1_work/big-data-end/venv/lib/python3.10/site-packages/starlette/applications.py\", line 122, in __call__\n    await self.middleware_stack(scope, receive, send)\n  File \"/Users/Shared/1_work/big-data-end/venv/lib/python3.10/site-packages/starlette/middleware/errors.py\", line 184, in __call__\n    raise exc\n  File \"/Users/Shared/1_work/big-data-end/venv/lib/python3.10/site-packages/starlette/middleware/errors.py\", line 162, in __call__\n    await self.app(scope, receive, _send)\n  File \"/Users/Shared/1_work/big-data-end/venv/lib/python3.10/site-packages/asgi_correlation_id/middleware.py\", line 90, in __call__\n    await self.app(scope, receive, handle_outgoing_request)\n  File \"/Users/Shared/1_work/big-data-end/venv/lib/python3.10/site-packages/starlette/middleware/exceptions.py\", line 79, in __call__\n    raise exc\n  File \"/Users/Shared/1_work/big-data-end/venv/lib/python3.10/site-packages/starlette/middleware/exceptions.py\", line 68, in __call__\n    await self.app(scope, receive, sender)\n  File \"/Users/Shared/1_work/big-data-end/venv/lib/python3.10/site-packages/fastapi/middleware/asyncexitstack.py\", line 20, in __call__\n    raise e\n  File \"/Users/Shared/1_work/big-data-end/venv/lib/python3.10/site-packages/fastapi/middleware/asyncexitstack.py\", line 17, in __call__\n    await self.app(scope, receive, send)\n  File \"/Users/Shared/1_work/big-data-end/venv/lib/python3.10/site-packages/starlette/routing.py\", line 718, in __call__\n    await route.handle(scope, receive, send)\n  File \"/Users/Shared/1_work/big-data-end/venv/lib/python3.10/site-packages/starlette/routing.py\", line 276, in handle\n    await self.app(scope, receive, send)\n  File \"/Users/Shared/1_work/big-data-end/venv/lib/python3.10/site-packages/starlette/routing.py\", line 66, in app\n    response = await func(request)\n  File \"/Users/Shared/1_work/big-data-end/venv/lib/python3.10/site-packages/fastapi/routing.py\", line 292, in app\n    content = await serialize_response(\n  File \"/Users/Shared/1_work/big-data-end/venv/lib/python3.10/site-packages/fastapi/routing.py\", line 155, in serialize_response\n    raise ResponseValidationError(\nfastapi.exceptions.ResponseValidationError: 1 validation errors:\n  {'type': 'list_type', 'loc': ('response',), 'msg': 'Input should be a valid list', 'input': 11, 'url': 'https://errors.pydantic.dev/2.5/v/list_type'}\n"}
{"asctime": "2023-12-20T13:42:53", "msecs": 658.0, "levelname": "INFO", "correlation_id": "-", "name": "uvicorn.error", "lineno": 264, "message": "Shutting down"}
{"asctime": "2023-12-20T13:42:53", "msecs": 763.0, "levelname": "INFO", "correlation_id": "-", "name": "uvicorn.error", "lineno": 65, "message": "Waiting for application shutdown."}
{"asctime": "2023-12-20T13:42:53", "msecs": 776.0, "levelname": "INFO", "correlation_id": "-", "name": "uvicorn.error", "lineno": 76, "message": "Application shutdown complete."}
{"asctime": "2023-12-20T13:42:53", "msecs": 777.0, "levelname": "INFO", "correlation_id": "-", "name": "uvicorn.error", "lineno": 86, "message": "Finished server process [30501]", "color_message": "Finished server process [\u001b[36m%d\u001b[0m]"}
{"asctime": "2023-12-20T13:42:54", "msecs": 806.0, "levelname": "INFO", "correlation_id": "-", "name": "uvicorn.error", "lineno": 60, "message": "Application startup complete."}
{"asctime": "2023-12-20T13:42:55", "msecs": 721.0, "levelname": "INFO", "correlation_id": "dc2aaf6c", "name": "uvicorn.access", "lineno": 496, "message": "127.0.0.1:58944 - \"GET /student HTTP/1.1\" 200"}
{"asctime": "2023-12-20T13:43:19", "msecs": 380.0, "levelname": "INFO", "correlation_id": "-", "name": "uvicorn.error", "lineno": 264, "message": "Shutting down"}
{"asctime": "2023-12-20T13:43:19", "msecs": 484.0, "levelname": "INFO", "correlation_id": "-", "name": "uvicorn.error", "lineno": 65, "message": "Waiting for application shutdown."}
{"asctime": "2023-12-20T13:43:19", "msecs": 494.0, "levelname": "INFO", "correlation_id": "-", "name": "uvicorn.error", "lineno": 76, "message": "Application shutdown complete."}
{"asctime": "2023-12-20T13:43:19", "msecs": 494.0, "levelname": "INFO", "correlation_id": "-", "name": "uvicorn.error", "lineno": 86, "message": "Finished server process [30554]", "color_message": "Finished server process [\u001b[36m%d\u001b[0m]"}
{"asctime": "2023-12-20T13:43:20", "msecs": 634.0, "levelname": "INFO", "correlation_id": "-", "name": "uvicorn.error", "lineno": 60, "message": "Application startup complete."}
{"asctime": "2023-12-20T13:43:25", "msecs": 689.0, "levelname": "INFO", "correlation_id": "-", "name": "uvicorn.error", "lineno": 264, "message": "Shutting down"}
{"asctime": "2023-12-20T13:43:25", "msecs": 791.0, "levelname": "INFO", "correlation_id": "-", "name": "uvicorn.error", "lineno": 65, "message": "Waiting for application shutdown."}
{"asctime": "2023-12-20T13:43:25", "msecs": 865.0, "levelname": "INFO", "correlation_id": "-", "name": "uvicorn.error", "lineno": 76, "message": "Application shutdown complete."}
{"asctime": "2023-12-20T13:43:25", "msecs": 866.0, "levelname": "INFO", "correlation_id": "-", "name": "uvicorn.error", "lineno": 86, "message": "Finished server process [30621]", "color_message": "Finished server process [\u001b[36m%d\u001b[0m]"}
{"asctime": "2023-12-20T13:43:26", "msecs": 891.0, "levelname": "INFO", "correlation_id": "-", "name": "uvicorn.error", "lineno": 60, "message": "Application startup complete."}
{"asctime": "2023-12-20T13:43:30", "msecs": 638.0, "levelname": "INFO", "correlation_id": "-", "name": "uvicorn.error", "lineno": 264, "message": "Shutting down"}
{"asctime": "2023-12-20T13:43:30", "msecs": 741.0, "levelname": "INFO", "correlation_id": "-", "name": "uvicorn.error", "lineno": 65, "message": "Waiting for application shutdown."}
{"asctime": "2023-12-20T13:43:30", "msecs": 755.0, "levelname": "INFO", "correlation_id": "-", "name": "uvicorn.error", "lineno": 76, "message": "Application shutdown complete."}
{"asctime": "2023-12-20T13:43:30", "msecs": 755.0, "levelname": "INFO", "correlation_id": "-", "name": "uvicorn.error", "lineno": 86, "message": "Finished server process [30653]", "color_message": "Finished server process [\u001b[36m%d\u001b[0m]"}
{"asctime": "2023-12-20T13:43:31", "msecs": 434.0, "levelname": "INFO", "correlation_id": "-", "name": "uvicorn.error", "lineno": 60, "message": "Application startup complete."}
{"asctime": "2023-12-20T13:43:32", "msecs": 957.0, "levelname": "INFO", "correlation_id": "-", "name": "uvicorn.error", "lineno": 264, "message": "Shutting down"}
{"asctime": "2023-12-20T13:43:33", "msecs": 61.0, "levelname": "INFO", "correlation_id": "-", "name": "uvicorn.error", "lineno": 65, "message": "Waiting for application shutdown."}
{"asctime": "2023-12-20T13:43:33", "msecs": 71.0, "levelname": "INFO", "correlation_id": "-", "name": "uvicorn.error", "lineno": 76, "message": "Application shutdown complete."}
{"asctime": "2023-12-20T13:43:33", "msecs": 72.0, "levelname": "INFO", "correlation_id": "-", "name": "uvicorn.error", "lineno": 86, "message": "Finished server process [30683]", "color_message": "Finished server process [\u001b[36m%d\u001b[0m]"}
{"asctime": "2023-12-20T13:43:33", "msecs": 833.0, "levelname": "INFO", "correlation_id": "-", "name": "uvicorn.error", "lineno": 60, "message": "Application startup complete."}
{"asctime": "2023-12-20T13:43:35", "msecs": 855.0, "levelname": "INFO", "correlation_id": "-", "name": "uvicorn.error", "lineno": 264, "message": "Shutting down"}
{"asctime": "2023-12-20T13:43:35", "msecs": 956.0, "levelname": "INFO", "correlation_id": "-", "name": "uvicorn.error", "lineno": 65, "message": "Waiting for application shutdown."}
{"asctime": "2023-12-20T13:43:35", "msecs": 964.0, "levelname": "INFO", "correlation_id": "-", "name": "uvicorn.error", "lineno": 76, "message": "Application shutdown complete."}
{"asctime": "2023-12-20T13:43:35", "msecs": 965.0, "levelname": "INFO", "correlation_id": "-", "name": "uvicorn.error", "lineno": 86, "message": "Finished server process [30708]", "color_message": "Finished server process [\u001b[36m%d\u001b[0m]"}
{"asctime": "2023-12-20T13:43:36", "msecs": 475.0, "levelname": "INFO", "correlation_id": "-", "name": "uvicorn.error", "lineno": 60, "message": "Application startup complete."}
{"asctime": "2023-12-20T13:43:37", "msecs": 83.0, "levelname": "INFO", "correlation_id": "-", "name": "uvicorn.error", "lineno": 264, "message": "Shutting down"}
{"asctime": "2023-12-20T13:43:37", "msecs": 185.0, "levelname": "INFO", "correlation_id": "-", "name": "uvicorn.error", "lineno": 65, "message": "Waiting for application shutdown."}
{"asctime": "2023-12-20T13:43:37", "msecs": 200.0, "levelname": "INFO", "correlation_id": "-", "name": "uvicorn.error", "lineno": 76, "message": "Application shutdown complete."}
{"asctime": "2023-12-20T13:43:37", "msecs": 200.0, "levelname": "INFO", "correlation_id": "-", "name": "uvicorn.error", "lineno": 86, "message": "Finished server process [30726]", "color_message": "Finished server process [\u001b[36m%d\u001b[0m]"}
{"asctime": "2023-12-20T13:43:37", "msecs": 745.0, "levelname": "INFO", "correlation_id": "-", "name": "uvicorn.error", "lineno": 60, "message": "Application startup complete."}
{"asctime": "2023-12-20T13:43:41", "msecs": 689.0, "levelname": "INFO", "correlation_id": "-", "name": "uvicorn.error", "lineno": 264, "message": "Shutting down"}
{"asctime": "2023-12-20T13:43:41", "msecs": 792.0, "levelname": "INFO", "correlation_id": "-", "name": "uvicorn.error", "lineno": 65, "message": "Waiting for application shutdown."}
{"asctime": "2023-12-20T13:43:41", "msecs": 813.0, "levelname": "INFO", "correlation_id": "-", "name": "uvicorn.error", "lineno": 76, "message": "Application shutdown complete."}
{"asctime": "2023-12-20T13:43:41", "msecs": 814.0, "levelname": "INFO", "correlation_id": "-", "name": "uvicorn.error", "lineno": 86, "message": "Finished server process [30743]", "color_message": "Finished server process [\u001b[36m%d\u001b[0m]"}
{"asctime": "2023-12-20T13:43:42", "msecs": 446.0, "levelname": "INFO", "correlation_id": "-", "name": "uvicorn.error", "lineno": 60, "message": "Application startup complete."}
{"asctime": "2023-12-20T13:43:43", "msecs": 207.0, "levelname": "INFO", "correlation_id": "-", "name": "uvicorn.error", "lineno": 264, "message": "Shutting down"}
{"asctime": "2023-12-20T13:43:43", "msecs": 309.0, "levelname": "INFO", "correlation_id": "-", "name": "uvicorn.error", "lineno": 65, "message": "Waiting for application shutdown."}
{"asctime": "2023-12-20T13:43:43", "msecs": 326.0, "levelname": "INFO", "correlation_id": "-", "name": "uvicorn.error", "lineno": 76, "message": "Application shutdown complete."}
{"asctime": "2023-12-20T13:43:43", "msecs": 327.0, "levelname": "INFO", "correlation_id": "-", "name": "uvicorn.error", "lineno": 86, "message": "Finished server process [30767]", "color_message": "Finished server process [\u001b[36m%d\u001b[0m]"}
{"asctime": "2023-12-20T13:43:43", "msecs": 900.0, "levelname": "INFO", "correlation_id": "-", "name": "uvicorn.error", "lineno": 60, "message": "Application startup complete."}
{"asctime": "2023-12-20T13:43:44", "msecs": 307.0, "levelname": "INFO", "correlation_id": "-", "name": "uvicorn.error", "lineno": 264, "message": "Shutting down"}
{"asctime": "2023-12-20T13:43:44", "msecs": 408.0, "levelname": "INFO", "correlation_id": "-", "name": "uvicorn.error", "lineno": 65, "message": "Waiting for application shutdown."}
{"asctime": "2023-12-20T13:43:44", "msecs": 421.0, "levelname": "INFO", "correlation_id": "-", "name": "uvicorn.error", "lineno": 76, "message": "Application shutdown complete."}
{"asctime": "2023-12-20T13:43:44", "msecs": 422.0, "levelname": "INFO", "correlation_id": "-", "name": "uvicorn.error", "lineno": 86, "message": "Finished server process [30789]", "color_message": "Finished server process [\u001b[36m%d\u001b[0m]"}
{"asctime": "2023-12-20T13:43:44", "msecs": 993.0, "levelname": "INFO", "correlation_id": "-", "name": "uvicorn.error", "lineno": 60, "message": "Application startup complete."}
{"asctime": "2023-12-20T13:43:45", "msecs": 400.0, "levelname": "INFO", "correlation_id": "-", "name": "uvicorn.error", "lineno": 264, "message": "Shutting down"}
{"asctime": "2023-12-20T13:43:45", "msecs": 502.0, "levelname": "INFO", "correlation_id": "-", "name": "uvicorn.error", "lineno": 65, "message": "Waiting for application shutdown."}
{"asctime": "2023-12-20T13:43:45", "msecs": 516.0, "levelname": "INFO", "correlation_id": "-", "name": "uvicorn.error", "lineno": 76, "message": "Application shutdown complete."}
{"asctime": "2023-12-20T13:43:45", "msecs": 516.0, "levelname": "INFO", "correlation_id": "-", "name": "uvicorn.error", "lineno": 86, "message": "Finished server process [30807]", "color_message": "Finished server process [\u001b[36m%d\u001b[0m]"}
{"asctime": "2023-12-20T13:43:46", "msecs": 92.0, "levelname": "INFO", "correlation_id": "-", "name": "uvicorn.error", "lineno": 60, "message": "Application startup complete."}
{"asctime": "2023-12-20T13:43:46", "msecs": 802.0, "levelname": "INFO", "correlation_id": "-", "name": "uvicorn.error", "lineno": 264, "message": "Shutting down"}
{"asctime": "2023-12-20T13:43:46", "msecs": 905.0, "levelname": "INFO", "correlation_id": "-", "name": "uvicorn.error", "lineno": 65, "message": "Waiting for application shutdown."}
{"asctime": "2023-12-20T13:43:46", "msecs": 916.0, "levelname": "INFO", "correlation_id": "-", "name": "uvicorn.error", "lineno": 76, "message": "Application shutdown complete."}
{"asctime": "2023-12-20T13:43:46", "msecs": 917.0, "levelname": "INFO", "correlation_id": "-", "name": "uvicorn.error", "lineno": 86, "message": "Finished server process [30825]", "color_message": "Finished server process [\u001b[36m%d\u001b[0m]"}
{"asctime": "2023-12-20T13:43:47", "msecs": 435.0, "levelname": "INFO", "correlation_id": "-", "name": "uvicorn.error", "lineno": 60, "message": "Application startup complete."}
{"asctime": "2023-12-20T13:43:48", "msecs": 447.0, "levelname": "INFO", "correlation_id": "-", "name": "uvicorn.error", "lineno": 264, "message": "Shutting down"}
{"asctime": "2023-12-20T13:43:48", "msecs": 549.0, "levelname": "INFO", "correlation_id": "-", "name": "uvicorn.error", "lineno": 65, "message": "Waiting for application shutdown."}
{"asctime": "2023-12-20T13:43:48", "msecs": 557.0, "levelname": "INFO", "correlation_id": "-", "name": "uvicorn.error", "lineno": 76, "message": "Application shutdown complete."}
{"asctime": "2023-12-20T13:43:48", "msecs": 558.0, "levelname": "INFO", "correlation_id": "-", "name": "uvicorn.error", "lineno": 86, "message": "Finished server process [30842]", "color_message": "Finished server process [\u001b[36m%d\u001b[0m]"}
{"asctime": "2023-12-20T13:43:49", "msecs": 172.0, "levelname": "INFO", "correlation_id": "-", "name": "uvicorn.error", "lineno": 60, "message": "Application startup complete."}
{"asctime": "2023-12-20T13:43:54", "msecs": 647.0, "levelname": "INFO", "correlation_id": "-", "name": "uvicorn.error", "lineno": 264, "message": "Shutting down"}
{"asctime": "2023-12-20T13:43:54", "msecs": 749.0, "levelname": "INFO", "correlation_id": "-", "name": "uvicorn.error", "lineno": 65, "message": "Waiting for application shutdown."}
{"asctime": "2023-12-20T13:43:54", "msecs": 760.0, "levelname": "INFO", "correlation_id": "-", "name": "uvicorn.error", "lineno": 76, "message": "Application shutdown complete."}
{"asctime": "2023-12-20T13:43:54", "msecs": 761.0, "levelname": "INFO", "correlation_id": "-", "name": "uvicorn.error", "lineno": 86, "message": "Finished server process [30859]", "color_message": "Finished server process [\u001b[36m%d\u001b[0m]"}
{"asctime": "2023-12-20T13:43:55", "msecs": 534.0, "levelname": "INFO", "correlation_id": "-", "name": "uvicorn.error", "lineno": 60, "message": "Application startup complete."}
{"asctime": "2023-12-20T13:43:56", "msecs": 648.0, "levelname": "INFO", "correlation_id": "-", "name": "uvicorn.error", "lineno": 264, "message": "Shutting down"}
{"asctime": "2023-12-20T13:43:56", "msecs": 751.0, "levelname": "INFO", "correlation_id": "-", "name": "uvicorn.error", "lineno": 65, "message": "Waiting for application shutdown."}
{"asctime": "2023-12-20T13:43:56", "msecs": 758.0, "levelname": "INFO", "correlation_id": "-", "name": "uvicorn.error", "lineno": 76, "message": "Application shutdown complete."}
{"asctime": "2023-12-20T13:43:56", "msecs": 759.0, "levelname": "INFO", "correlation_id": "-", "name": "uvicorn.error", "lineno": 86, "message": "Finished server process [30883]", "color_message": "Finished server process [\u001b[36m%d\u001b[0m]"}
{"asctime": "2023-12-20T13:43:57", "msecs": 270.0, "levelname": "INFO", "correlation_id": "-", "name": "uvicorn.error", "lineno": 60, "message": "Application startup complete."}
{"asctime": "2023-12-20T13:44:23", "msecs": 947.0, "levelname": "INFO", "correlation_id": "-", "name": "uvicorn.error", "lineno": 264, "message": "Shutting down"}
{"asctime": "2023-12-20T13:44:24", "msecs": 51.0, "levelname": "INFO", "correlation_id": "-", "name": "uvicorn.error", "lineno": 65, "message": "Waiting for application shutdown."}
{"asctime": "2023-12-20T13:44:24", "msecs": 67.0, "levelname": "INFO", "correlation_id": "-", "name": "uvicorn.error", "lineno": 76, "message": "Application shutdown complete."}
{"asctime": "2023-12-20T13:44:24", "msecs": 68.0, "levelname": "INFO", "correlation_id": "-", "name": "uvicorn.error", "lineno": 86, "message": "Finished server process [30901]", "color_message": "Finished server process [\u001b[36m%d\u001b[0m]"}
{"asctime": "2023-12-20T13:44:24", "msecs": 768.0, "levelname": "INFO", "correlation_id": "-", "name": "uvicorn.error", "lineno": 60, "message": "Application startup complete."}
{"asctime": "2023-12-20T13:44:53", "msecs": 455.0, "levelname": "INFO", "correlation_id": "-", "name": "uvicorn.error", "lineno": 264, "message": "Shutting down"}
{"asctime": "2023-12-20T13:44:53", "msecs": 559.0, "levelname": "INFO", "correlation_id": "-", "name": "uvicorn.error", "lineno": 65, "message": "Waiting for application shutdown."}
{"asctime": "2023-12-20T13:44:53", "msecs": 571.0, "levelname": "INFO", "correlation_id": "-", "name": "uvicorn.error", "lineno": 76, "message": "Application shutdown complete."}
{"asctime": "2023-12-20T13:44:53", "msecs": 572.0, "levelname": "INFO", "correlation_id": "-", "name": "uvicorn.error", "lineno": 86, "message": "Finished server process [30982]", "color_message": "Finished server process [\u001b[36m%d\u001b[0m]"}
{"asctime": "2023-12-20T13:44:54", "msecs": 404.0, "levelname": "INFO", "correlation_id": "-", "name": "uvicorn.error", "lineno": 60, "message": "Application startup complete."}
{"asctime": "2023-12-20T13:45:01", "msecs": 174.0, "levelname": "INFO", "correlation_id": "-", "name": "uvicorn.error", "lineno": 264, "message": "Shutting down"}
{"asctime": "2023-12-20T13:45:01", "msecs": 278.0, "levelname": "INFO", "correlation_id": "-", "name": "uvicorn.error", "lineno": 65, "message": "Waiting for application shutdown."}
{"asctime": "2023-12-20T13:45:01", "msecs": 297.0, "levelname": "INFO", "correlation_id": "-", "name": "uvicorn.error", "lineno": 76, "message": "Application shutdown complete."}
{"asctime": "2023-12-20T13:45:01", "msecs": 297.0, "levelname": "INFO", "correlation_id": "-", "name": "uvicorn.error", "lineno": 86, "message": "Finished server process [31062]", "color_message": "Finished server process [\u001b[36m%d\u001b[0m]"}
{"asctime": "2023-12-20T13:45:02", "msecs": 191.0, "levelname": "INFO", "correlation_id": "-", "name": "uvicorn.error", "lineno": 60, "message": "Application startup complete."}
{"asctime": "2023-12-20T13:45:05", "msecs": 947.0, "levelname": "INFO", "correlation_id": "-", "name": "uvicorn.error", "lineno": 264, "message": "Shutting down"}
{"asctime": "2023-12-20T13:45:06", "msecs": 49.0, "levelname": "INFO", "correlation_id": "-", "name": "uvicorn.error", "lineno": 65, "message": "Waiting for application shutdown."}
{"asctime": "2023-12-20T13:45:06", "msecs": 93.0, "levelname": "INFO", "correlation_id": "-", "name": "uvicorn.error", "lineno": 76, "message": "Application shutdown complete."}
{"asctime": "2023-12-20T13:45:06", "msecs": 94.0, "levelname": "INFO", "correlation_id": "-", "name": "uvicorn.error", "lineno": 86, "message": "Finished server process [31094]", "color_message": "Finished server process [\u001b[36m%d\u001b[0m]"}
{"asctime": "2023-12-20T13:45:06", "msecs": 758.0, "levelname": "INFO", "correlation_id": "-", "name": "uvicorn.error", "lineno": 60, "message": "Application startup complete."}
